Arguments: 
  C:\Program Files\nodejs\node.exe C:\Users\OrlandoV\AppData\Roaming\npm\node_modules\yarn\bin\yarn.js add @types node

PATH: 
  C:\ProgramData\Oracle\Java\javapath;C:\Program Files (x86)\Intel\iCLS Client\;C:\Program Files\Intel\iCLS Client\;C:\Windows\system32;C:\Windows;C:\Windows\System32\Wbem;C:\Windows\System32\WindowsPowerShell\v1.0\;C:\Program Files\Intel\Intel(R) Management Engine Components\DAL;C:\Program Files\Intel\Intel(R) Management Engine Components\IPT;C:\Program Files (x86)\Intel\Intel(R) Management Engine Components\DAL;C:\Program Files (x86)\Intel\Intel(R) Management Engine Components\IPT;C:\Program Files\Intel\WiFi\bin\;C:\Program Files\Common Files\Intel\WirelessCommon\;C:\Program Files\Microsoft SQL Server\120\Tools\Binn\;C:\Program Files\Git\cmd;C:\Program Files\nodejs;C:\Users\OrlandoV\AppData\Roaming\Dashlane\3.2.5.83379\bin\Firefox_Extension\{442718d9-475e-452a-b3e1-fb1ee16b8e9f}\components;C:\Users\OrlandoV\AppData\Roaming\Dashlane\4.6.0.17042\bin\Firefox_Extension\{442718d9-475e-452a-b3e1-fb1ee16b8e9f}\components;C:\Users\OrlandoV\AppData\Roaming\npm;C:\Windows\System32;C:\Program Files (x86)\Microsoft VS Code\bin;C:\Users\OrlandoV\AppData\Roaming\Dashlane\4.6.4.21286\bin\Firefox_Extension\{442718d9-475e-452a-b3e1-fb1ee16b8e9f}\components;C:\Users\OrlandoV\AppData\Roaming\Dashlane\4.6.5.21982\bin\Firefox_Extension\{442718d9-475e-452a-b3e1-fb1ee16b8e9f}\components

Yarn version: 
  0.18.1

Node version: 
  6.6.0

Platform: 
  win32 x64

npm manifest: 
  {
    "name": "todos",
    "version": "1.0.0",
    "description": "Todos using Angular2, ngrx-store, and Firebase",
    "main": "index.js",
    "scripts": {
      "test": "echo \"Error: no test specified\" && exit 1"
    },
    "repository": {
      "type": "git",
      "url": "git+https://github.com/ovwilson/todos.git"
    },
    "author": "",
    "license": "ISC",
    "bugs": {
      "url": "https://github.com/ovwilson/todos/issues"
    },
    "homepage": "https://github.com/ovwilson/todos#readme",
    "devDependencies": {
      "firebase": "^3.6.4",
      "yarn": "^0.18.1"
    },
    "dependencies": {
      "@angular/common": "^2.4.1",
      "@angular/compiler": "^2.4.1",
      "@angular/core": "^2.4.1",
      "@angular/http": "^2.4.1",
      "@angular/platform-browser": "^2.4.1",
      "@angular/platform-browser-dynamic": "^2.4.1",
      "@angular/router": "^3.4.1",
      "@ngrx/core": "^1.2.0",
      "@ngrx/effects": "^2.0.0",
      "@ngrx/store": "^2.2.1",
      "@ngrx/store-devtools": "^3.2.2",
      "@ngrx/store-log-monitor": "^3.0.2",
      "materialize-css": "^0.97.8",
      "rxjs": "^5.0.2",
      "zone.js": "^0.7.4"
    }
  }

yarn manifest: 
  No manifest

Lockfile: 
  # THIS IS AN AUTOGENERATED FILE. DO NOT EDIT THIS FILE DIRECTLY.
  # yarn lockfile v1
  
  
  "@angular/common@^2.4.1":
    version "2.4.1"
    resolved "https://registry.yarnpkg.com/@angular/common/-/common-2.4.1.tgz#a70167430574959c3423ac96ebdec98032d3500d"
  
  "@angular/compiler@^2.4.1":
    version "2.4.1"
    resolved "https://registry.yarnpkg.com/@angular/compiler/-/compiler-2.4.1.tgz#62b4fbfc53c934bd5def78db594cbf245b3f446a"
  
  "@angular/core@^2.4.1":
    version "2.4.1"
    resolved "https://registry.yarnpkg.com/@angular/core/-/core-2.4.1.tgz#3a6d2dc7fd86fdebe4febae7eb28abad7d04c76a"
  
  "@angular/http@^2.4.1":
    version "2.4.1"
    resolved "https://registry.yarnpkg.com/@angular/http/-/http-2.4.1.tgz#f06067e370c44d025ed00a03ef704f6c46ea59ac"
  
  "@angular/platform-browser-dynamic@^2.4.1":
    version "2.4.1"
    resolved "https://registry.yarnpkg.com/@angular/platform-browser-dynamic/-/platform-browser-dynamic-2.4.1.tgz#5fb72038f76c1e3646cea95f5b4722d67a4419dd"
  
  "@angular/platform-browser@^2.4.1":
    version "2.4.1"
    resolved "https://registry.yarnpkg.com/@angular/platform-browser/-/platform-browser-2.4.1.tgz#4eaa829b450be34f0029796b6c3b99e27d3d5740"
  
  "@angular/router@^3.4.1":
    version "3.4.1"
    resolved "https://registry.yarnpkg.com/@angular/router/-/router-3.4.1.tgz#079c8580943547a710f292026ac86a08d336a49d"
  
  "@ngrx/core@^1.2.0":
    version "1.2.0"
    resolved "https://registry.yarnpkg.com/@ngrx/core/-/core-1.2.0.tgz#882b46abafa2e0e6d887cb71a1b2c2fa3e6d0dc6"
  
  "@ngrx/effects@^2.0.0":
    version "2.0.0"
    resolved "https://registry.yarnpkg.com/@ngrx/effects/-/effects-2.0.0.tgz#db4c3e1b69030229cb6b908477115b3479e4c4e0"
  
  "@ngrx/store-devtools@^3.2.2":
    version "3.2.2"
    resolved "https://registry.yarnpkg.com/@ngrx/store-devtools/-/store-devtools-3.2.2.tgz#4409c18b8ae656a2cdfb097155855d5d5d81ab80"
  
  "@ngrx/store-log-monitor@^3.0.2":
    version "3.0.2"
    resolved "https://registry.yarnpkg.com/@ngrx/store-log-monitor/-/store-log-monitor-3.0.2.tgz#951dc2e3d8ba0113ea4ed6744d9ce7640fee3271"
  
  "@ngrx/store@^2.2.1":
    version "2.2.1"
    resolved "https://registry.yarnpkg.com/@ngrx/store/-/store-2.2.1.tgz#316ec1e43aa5a0166e5e6e1aa2c34a4049386510"
  
  abbrev@1:
    version "1.0.9"
    resolved "https://registry.yarnpkg.com/abbrev/-/abbrev-1.0.9.tgz#91b4792588a7738c25f35dd6f63752a2f8776135"
  
  ansi-escapes@^1.1.0:
    version "1.4.0"
    resolved "https://registry.yarnpkg.com/ansi-escapes/-/ansi-escapes-1.4.0.tgz#d3a8a83b319aa67793662b13e761c7911422306e"
  
  ansi-regex@^2.0.0:
    version "2.0.0"
    resolved "https://registry.yarnpkg.com/ansi-regex/-/ansi-regex-2.0.0.tgz#c5061b6e0ef8a81775e50f5d66151bf6bf371107"
  
  ansi-styles@^2.2.1:
    version "2.2.1"
    resolved "https://registry.yarnpkg.com/ansi-styles/-/ansi-styles-2.2.1.tgz#b432dd3358b634cf75e1e4664368240533c1ddbe"
  
  aproba@^1.0.3:
    version "1.0.4"
    resolved "https://registry.yarnpkg.com/aproba/-/aproba-1.0.4.tgz#2713680775e7614c8ba186c065d4e2e52d1072c0"
  
  are-we-there-yet@~1.1.2:
    version "1.1.2"
    resolved "https://registry.yarnpkg.com/are-we-there-yet/-/are-we-there-yet-1.1.2.tgz#80e470e95a084794fe1899262c5667c6e88de1b3"
    dependencies:
      delegates "^1.0.0"
      readable-stream "^2.0.0 || ^1.1.13"
  
  array-find-index@^1.0.1:
    version "1.0.2"
    resolved "https://registry.yarnpkg.com/array-find-index/-/array-find-index-1.0.2.tgz#df010aa1287e164bbda6f9723b0a96a1ec4187a1"
  
  array-index@^1.0.0:
    version "1.0.0"
    resolved "https://registry.yarnpkg.com/array-index/-/array-index-1.0.0.tgz#ec56a749ee103e4e08c790b9c353df16055b97f9"
    dependencies:
      debug "^2.2.0"
      es6-symbol "^3.0.2"
  
  asn1@~0.2.3:
    version "0.2.3"
    resolved "https://registry.yarnpkg.com/asn1/-/asn1-0.2.3.tgz#dac8787713c9966849fc8180777ebe9c1ddf3b86"
  
  assert-plus@^0.2.0:
    version "0.2.0"
    resolved "https://registry.yarnpkg.com/assert-plus/-/assert-plus-0.2.0.tgz#d74e1b87e7affc0db8aadb7021f3fe48101ab234"
  
  assert-plus@^1.0.0:
    version "1.0.0"
    resolved "https://registry.yarnpkg.com/assert-plus/-/assert-plus-1.0.0.tgz#f12e0f3c5d77b0b1cdd9146942e4e96c1e4dd525"
  
  asynckit@^0.4.0:
    version "0.4.0"
    resolved "https://registry.yarnpkg.com/asynckit/-/asynckit-0.4.0.tgz#c79ed97f7f34cb8f2ba1bc9790bcc366474b4b79"
  
  aws-sign2@~0.6.0:
    version "0.6.0"
    resolved "https://registry.yarnpkg.com/aws-sign2/-/aws-sign2-0.6.0.tgz#14342dd38dbcc94d0e5b87d763cd63612c0e794f"
  
  aws4@^1.2.1:
    version "1.5.0"
    resolved "https://registry.yarnpkg.com/aws4/-/aws4-1.5.0.tgz#0a29ffb79c31c9e712eeb087e8e7a64b4a56d755"
  
  babel-runtime@^6.0.0:
    version "6.20.0"
    resolved "https://registry.yarnpkg.com/babel-runtime/-/babel-runtime-6.20.0.tgz#87300bdcf4cd770f09bf0048c64204e17806d16f"
    dependencies:
      core-js "^2.4.0"
      regenerator-runtime "^0.10.0"
  
  balanced-match@^0.4.1:
    version "0.4.2"
    resolved "https://registry.yarnpkg.com/balanced-match/-/balanced-match-0.4.2.tgz#cb3f3e3c732dc0f01ee70b403f302e61d7709838"
  
  base64url@2.0.0, base64url@^2.0.0:
    version "2.0.0"
    resolved "https://registry.yarnpkg.com/base64url/-/base64url-2.0.0.tgz#eac16e03ea1438eff9423d69baa36262ed1f70bb"
  
  bcrypt-pbkdf@^1.0.0:
    version "1.0.0"
    resolved "https://registry.yarnpkg.com/bcrypt-pbkdf/-/bcrypt-pbkdf-1.0.0.tgz#3ca76b85241c7170bf7d9703e7b9aa74630040d4"
    dependencies:
      tweetnacl "^0.14.3"
  
  bl@^1.0.0:
    version "1.2.0"
    resolved "https://registry.yarnpkg.com/bl/-/bl-1.2.0.tgz#1397e7ec42c5f5dc387470c500e34a9f6be9ea98"
    dependencies:
      readable-stream "^2.0.5"
  
  block-stream@*:
    version "0.0.9"
    resolved "https://registry.yarnpkg.com/block-stream/-/block-stream-0.0.9.tgz#13ebfe778a03205cfe03751481ebb4b3300c126a"
    dependencies:
      inherits "~2.0.0"
  
  boom@2.x.x:
    version "2.10.1"
    resolved "https://registry.yarnpkg.com/boom/-/boom-2.10.1.tgz#39c8918ceff5799f83f9492a848f625add0c766f"
    dependencies:
      hoek "2.x.x"
  
  brace-expansion@^1.0.0:
    version "1.1.6"
    resolved "https://registry.yarnpkg.com/brace-expansion/-/brace-expansion-1.1.6.tgz#7197d7eaa9b87e648390ea61fc66c84427420df9"
    dependencies:
      balanced-match "^0.4.1"
      concat-map "0.0.1"
  
  buffer-equal-constant-time@1.0.1:
    version "1.0.1"
    resolved "https://registry.yarnpkg.com/buffer-equal-constant-time/-/buffer-equal-constant-time-1.0.1.tgz#f8e71132f7ffe6e01a5c9697a4c6f3e48d5cc819"
  
  buffer-shims@^1.0.0:
    version "1.0.0"
    resolved "https://registry.yarnpkg.com/buffer-shims/-/buffer-shims-1.0.0.tgz#9978ce317388c649ad8793028c3477ef044a8b51"
  
  builtin-modules@^1.0.0:
    version "1.1.1"
    resolved "https://registry.yarnpkg.com/builtin-modules/-/builtin-modules-1.1.1.tgz#270f076c5a72c02f5b65a47df94c5fe3a278892f"
  
  bytes@^2.4.0:
    version "2.4.0"
    resolved "https://registry.yarnpkg.com/bytes/-/bytes-2.4.0.tgz#7d97196f9d5baf7f6935e25985549edd2a6c2339"
  
  camelcase@^3.0.0:
    version "3.0.0"
    resolved "https://registry.yarnpkg.com/camelcase/-/camelcase-3.0.0.tgz#32fc4b9fcdaf845fcdf7e73bb97cac2261f0ab0a"
  
  caseless@~0.11.0:
    version "0.11.0"
    resolved "https://registry.yarnpkg.com/caseless/-/caseless-0.11.0.tgz#715b96ea9841593cc33067923f5ec60ebda4f7d7"
  
  chalk@^1.0.0, chalk@^1.1.1:
    version "1.1.3"
    resolved "https://registry.yarnpkg.com/chalk/-/chalk-1.1.3.tgz#a8115c55e4a702fe4d150abd3872822a7e09fc98"
    dependencies:
      ansi-styles "^2.2.1"
      escape-string-regexp "^1.0.2"
      has-ansi "^2.0.0"
      strip-ansi "^3.0.0"
      supports-color "^2.0.0"
  
  ci-info@^1.0.0:
    version "1.0.0"
    resolved "https://registry.yarnpkg.com/ci-info/-/ci-info-1.0.0.tgz#dc5285f2b4e251821683681c381c3388f46ec534"
  
  cli-cursor@^1.0.1:
    version "1.0.2"
    resolved "https://registry.yarnpkg.com/cli-cursor/-/cli-cursor-1.0.2.tgz#64da3f7d56a54412e59794bd62dc35295e8f2987"
    dependencies:
      restore-cursor "^1.0.1"
  
  cli-width@^2.0.0:
    version "2.1.0"
    resolved "https://registry.yarnpkg.com/cli-width/-/cli-width-2.1.0.tgz#b234ca209b29ef66fc518d9b98d5847b00edf00a"
  
  clone@^1.0.2:
    version "1.0.2"
    resolved "https://registry.yarnpkg.com/clone/-/clone-1.0.2.tgz#260b7a99ebb1edfe247538175f783243cb19d149"
  
  cmd-shim@^2.0.1:
    version "2.0.2"
    resolved "https://registry.yarnpkg.com/cmd-shim/-/cmd-shim-2.0.2.tgz#6fcbda99483a8fd15d7d30a196ca69d688a2efdb"
    dependencies:
      graceful-fs "^4.1.2"
      mkdirp "~0.5.0"
  
  code-point-at@^1.0.0:
    version "1.1.0"
    resolved "https://registry.yarnpkg.com/code-point-at/-/code-point-at-1.1.0.tgz#0d070b4d043a5bea33a2f1a40e2edb3d9a4ccf77"
  
  combined-stream@^1.0.5, combined-stream@~1.0.5:
    version "1.0.5"
    resolved "https://registry.yarnpkg.com/combined-stream/-/combined-stream-1.0.5.tgz#938370a57b4a51dea2c77c15d5c5fdf895164009"
    dependencies:
      delayed-stream "~1.0.0"
  
  commander@^2.9.0:
    version "2.9.0"
    resolved "https://registry.yarnpkg.com/commander/-/commander-2.9.0.tgz#9c99094176e12240cb22d6c5146098400fe0f7d4"
    dependencies:
      graceful-readlink ">= 1.0.0"
  
  concat-map@0.0.1:
    version "0.0.1"
    resolved "https://registry.yarnpkg.com/concat-map/-/concat-map-0.0.1.tgz#d8a96bd77fd68df7793a73036a3ba0d5405d477b"
  
  concat-stream@^1.4.7:
    version "1.6.0"
    resolved "https://registry.yarnpkg.com/concat-stream/-/concat-stream-1.6.0.tgz#0aac662fd52be78964d5532f694784e70110acf7"
    dependencies:
      inherits "^2.0.3"
      readable-stream "^2.2.2"
      typedarray "^0.0.6"
  
  console-control-strings@^1.0.0, console-control-strings@~1.1.0:
    version "1.1.0"
    resolved "https://registry.yarnpkg.com/console-control-strings/-/console-control-strings-1.1.0.tgz#3d7cf4464db6446ea644bf4b39507f9851008e8e"
  
  core-js@^2.4.0:
    version "2.4.1"
    resolved "https://registry.yarnpkg.com/core-js/-/core-js-2.4.1.tgz#4de911e667b0eae9124e34254b53aea6fc618d3e"
  
  core-util-is@~1.0.0:
    version "1.0.2"
    resolved "https://registry.yarnpkg.com/core-util-is/-/core-util-is-1.0.2.tgz#b5fd54220aa2bc5ab57aab7140c940754503c1a7"
  
  cryptiles@2.x.x:
    version "2.0.5"
    resolved "https://registry.yarnpkg.com/cryptiles/-/cryptiles-2.0.5.tgz#3bdfecdc608147c1c67202fa291e7dca59eaa3b8"
    dependencies:
      boom "2.x.x"
  
  currently-unhandled@^0.4.1:
    version "0.4.1"
    resolved "https://registry.yarnpkg.com/currently-unhandled/-/currently-unhandled-0.4.1.tgz#988df33feab191ef799a61369dd76c17adf957ea"
    dependencies:
      array-find-index "^1.0.1"
  
  d@^0.1.1, d@~0.1.1:
    version "0.1.1"
    resolved "https://registry.yarnpkg.com/d/-/d-0.1.1.tgz#da184c535d18d8ee7ba2aa229b914009fae11309"
    dependencies:
      es5-ext "~0.10.2"
  
  dashdash@^1.12.0:
    version "1.14.1"
    resolved "https://registry.yarnpkg.com/dashdash/-/dashdash-1.14.1.tgz#853cfa0f7cbe2fed5de20326b8dd581035f6e2f0"
    dependencies:
      assert-plus "^1.0.0"
  
  death@^1.0.0:
    version "1.0.0"
    resolved "https://registry.yarnpkg.com/death/-/death-1.0.0.tgz#4d46e15488d4b636b699f0671b04632d752fd2de"
  
  debug@^2.2.0:
    version "2.5.1"
    resolved "https://registry.yarnpkg.com/debug/-/debug-2.5.1.tgz#9107bb4a506052ec2a02314bc606313ed2b921c1"
    dependencies:
      ms "0.7.2"
  
  defaults@^1.0.3:
    version "1.0.3"
    resolved "https://registry.yarnpkg.com/defaults/-/defaults-1.0.3.tgz#c656051e9817d9ff08ed881477f3fe4019f3ef7d"
    dependencies:
      clone "^1.0.2"
  
  delayed-stream@~1.0.0:
    version "1.0.0"
    resolved "https://registry.yarnpkg.com/delayed-stream/-/delayed-stream-1.0.0.tgz#df3ae199acadfb7d440aaae0b29e2272b24ec619"
  
  delegates@^1.0.0:
    version "1.0.0"
    resolved "https://registry.yarnpkg.com/delegates/-/delegates-1.0.0.tgz#84c6e159b81904fdca59a0ef44cd870d31250f9a"
  
  detect-indent@^4.0.0:
    version "4.0.0"
    resolved "https://registry.yarnpkg.com/detect-indent/-/detect-indent-4.0.0.tgz#f76d064352cdf43a1cb6ce619c4ee3a9475de208"
    dependencies:
      repeating "^2.0.0"
  
  diff@^2.2.1:
    version "2.2.3"
    resolved "https://registry.yarnpkg.com/diff/-/diff-2.2.3.tgz#60eafd0d28ee906e4e8ff0a52c1229521033bf99"
  
  dom-storage@2.0.2:
    version "2.0.2"
    resolved "https://registry.yarnpkg.com/dom-storage/-/dom-storage-2.0.2.tgz#ed17cbf68abd10e0aef8182713e297c5e4b500b0"
  
  ecc-jsbn@~0.1.1:
    version "0.1.1"
    resolved "https://registry.yarnpkg.com/ecc-jsbn/-/ecc-jsbn-0.1.1.tgz#0fc73a9ed5f0d53c38193398523ef7e543777505"
    dependencies:
      jsbn "~0.1.0"
  
  ecdsa-sig-formatter@1.0.9:
    version "1.0.9"
    resolved "https://registry.yarnpkg.com/ecdsa-sig-formatter/-/ecdsa-sig-formatter-1.0.9.tgz#4bc926274ec3b5abb5016e7e1d60921ac262b2a1"
    dependencies:
      base64url "^2.0.0"
      safe-buffer "^5.0.1"
  
  end-of-stream@^1.0.0:
    version "1.1.0"
    resolved "https://registry.yarnpkg.com/end-of-stream/-/end-of-stream-1.1.0.tgz#e9353258baa9108965efc41cb0ef8ade2f3cfb07"
    dependencies:
      once "~1.3.0"
  
  err-code@^1.0.0:
    version "1.1.1"
    resolved "https://registry.yarnpkg.com/err-code/-/err-code-1.1.1.tgz#739d71b6851f24d050ea18c79a5b722420771d59"
  
  es5-ext@^0.10.7, es5-ext@~0.10.11, es5-ext@~0.10.2:
    version "0.10.12"
    resolved "https://registry.yarnpkg.com/es5-ext/-/es5-ext-0.10.12.tgz#aa84641d4db76b62abba5e45fd805ecbab140047"
    dependencies:
      es6-iterator "2"
      es6-symbol "~3.1"
  
  es6-iterator@2:
    version "2.0.0"
    resolved "https://registry.yarnpkg.com/es6-iterator/-/es6-iterator-2.0.0.tgz#bd968567d61635e33c0b80727613c9cb4b096bac"
    dependencies:
      d "^0.1.1"
      es5-ext "^0.10.7"
      es6-symbol "3"
  
  es6-symbol@3, es6-symbol@^3.0.2, es6-symbol@~3.1:
    version "3.1.0"
    resolved "https://registry.yarnpkg.com/es6-symbol/-/es6-symbol-3.1.0.tgz#94481c655e7a7cad82eba832d97d5433496d7ffa"
    dependencies:
      d "~0.1.1"
      es5-ext "~0.10.11"
  
  escape-string-regexp@^1.0.2, escape-string-regexp@^1.0.5:
    version "1.0.5"
    resolved "https://registry.yarnpkg.com/escape-string-regexp/-/escape-string-regexp-1.0.5.tgz#1b61c0562190a8dff6ae3bb2cf0200ca130b86d4"
  
  exit-hook@^1.0.0:
    version "1.1.1"
    resolved "https://registry.yarnpkg.com/exit-hook/-/exit-hook-1.1.1.tgz#f05ca233b48c05d54fff07765df8507e95c02ff8"
  
  extend@^3.0.0, extend@~3.0.0:
    version "3.0.0"
    resolved "https://registry.yarnpkg.com/extend/-/extend-3.0.0.tgz#5a474353b9f3353ddd8176dfd37b91c83a46f1d4"
  
  external-editor@^1.1.0:
    version "1.1.1"
    resolved "https://registry.yarnpkg.com/external-editor/-/external-editor-1.1.1.tgz#12d7b0db850f7ff7e7081baf4005700060c4600b"
    dependencies:
      extend "^3.0.0"
      spawn-sync "^1.0.15"
      tmp "^0.0.29"
  
  extsprintf@1.0.2:
    version "1.0.2"
    resolved "https://registry.yarnpkg.com/extsprintf/-/extsprintf-1.0.2.tgz#e1080e0658e300b06294990cc70e1502235fd550"
  
  faye-websocket@0.9.3:
    version "0.9.3"
    resolved "https://registry.yarnpkg.com/faye-websocket/-/faye-websocket-0.9.3.tgz#482a505b0df0ae626b969866d3bd740cdb962e83"
    dependencies:
      websocket-driver ">=0.5.1"
  
  figures@^1.3.5:
    version "1.7.0"
    resolved "https://registry.yarnpkg.com/figures/-/figures-1.7.0.tgz#cbe1e3affcf1cd44b80cadfed28dc793a9701d2e"
    dependencies:
      escape-string-regexp "^1.0.5"
      object-assign "^4.1.0"
  
  firebase@^3.6.4:
    version "3.6.4"
    resolved "https://registry.yarnpkg.com/firebase/-/firebase-3.6.4.tgz#5c5b91d20f439b6f0a7aebe1b27c2db1a463e308"
    dependencies:
      dom-storage "2.0.2"
      faye-websocket "0.9.3"
      jsonwebtoken "7.1.9"
      rsvp "3.2.1"
      xmlhttprequest "1.8.0"
  
  forever-agent@~0.6.1:
    version "0.6.1"
    resolved "https://registry.yarnpkg.com/forever-agent/-/forever-agent-0.6.1.tgz#fbc71f0c41adeb37f96c577ad1ed42d8fdacca91"
  
  form-data@~2.1.1:
    version "2.1.2"
    resolved "https://registry.yarnpkg.com/form-data/-/form-data-2.1.2.tgz#89c3534008b97eada4cbb157d58f6f5df025eae4"
    dependencies:
      asynckit "^0.4.0"
      combined-stream "^1.0.5"
      mime-types "^2.1.12"
  
  fs.realpath@^1.0.0:
    version "1.0.0"
    resolved "https://registry.yarnpkg.com/fs.realpath/-/fs.realpath-1.0.0.tgz#1504ad2523158caa40db4a2787cb01411994ea4f"
  
  fstream@^1.0.0, fstream@^1.0.10, fstream@^1.0.2:
    version "1.0.10"
    resolved "https://registry.yarnpkg.com/fstream/-/fstream-1.0.10.tgz#604e8a92fe26ffd9f6fae30399d4984e1ab22822"
    dependencies:
      graceful-fs "^4.1.2"
      inherits "~2.0.0"
      mkdirp ">=0.5 0"
      rimraf "2"
  
  gauge@~2.6.0:
    version "2.6.0"
    resolved "https://registry.yarnpkg.com/gauge/-/gauge-2.6.0.tgz#d35301ad18e96902b4751dcbbe40f4218b942a46"
    dependencies:
      aproba "^1.0.3"
      console-control-strings "^1.0.0"
      has-color "^0.1.7"
      has-unicode "^2.0.0"
      object-assign "^4.1.0"
      signal-exit "^3.0.0"
      string-width "^1.0.1"
      strip-ansi "^3.0.1"
      wide-align "^1.1.0"
  
  generate-function@^2.0.0:
    version "2.0.0"
    resolved "https://registry.yarnpkg.com/generate-function/-/generate-function-2.0.0.tgz#6858fe7c0969b7d4e9093337647ac79f60dfbe74"
  
  generate-object-property@^1.1.0:
    version "1.2.0"
    resolved "https://registry.yarnpkg.com/generate-object-property/-/generate-object-property-1.2.0.tgz#9c0e1c40308ce804f4783618b937fa88f99d50d0"
    dependencies:
      is-property "^1.0.0"
  
  getpass@^0.1.1:
    version "0.1.6"
    resolved "https://registry.yarnpkg.com/getpass/-/getpass-0.1.6.tgz#283ffd9fc1256840875311c1b60e8c40187110e6"
    dependencies:
      assert-plus "^1.0.0"
  
  glob@^7.0.3, glob@^7.0.5:
    version "7.1.1"
    resolved "https://registry.yarnpkg.com/glob/-/glob-7.1.1.tgz#805211df04faaf1c63a3600306cdf5ade50b2ec8"
    dependencies:
      fs.realpath "^1.0.0"
      inflight "^1.0.4"
      inherits "2"
      minimatch "^3.0.2"
      once "^1.3.0"
      path-is-absolute "^1.0.0"
  
  graceful-fs@^4.1.2:
    version "4.1.11"
    resolved "https://registry.yarnpkg.com/graceful-fs/-/graceful-fs-4.1.11.tgz#0e8bdfe4d1ddb8854d64e04ea7c00e2a026e5658"
  
  "graceful-readlink@>= 1.0.0":
    version "1.0.1"
    resolved "https://registry.yarnpkg.com/graceful-readlink/-/graceful-readlink-1.0.1.tgz#4cafad76bc62f02fa039b2f94e9a3dd3a391a725"
  
  hammerjs@^2.0.4:
    version "2.0.8"
    resolved "https://registry.yarnpkg.com/hammerjs/-/hammerjs-2.0.8.tgz#04ef77862cff2bb79d30f7692095930222bf60f1"
  
  har-validator@~2.0.6:
    version "2.0.6"
    resolved "https://registry.yarnpkg.com/har-validator/-/har-validator-2.0.6.tgz#cdcbc08188265ad119b6a5a7c8ab70eecfb5d27d"
    dependencies:
      chalk "^1.1.1"
      commander "^2.9.0"
      is-my-json-valid "^2.12.4"
      pinkie-promise "^2.0.0"
  
  has-ansi@^2.0.0:
    version "2.0.0"
    resolved "https://registry.yarnpkg.com/has-ansi/-/has-ansi-2.0.0.tgz#34f5049ce1ecdf2b0649af3ef24e45ed35416d91"
    dependencies:
      ansi-regex "^2.0.0"
  
  has-color@^0.1.7:
    version "0.1.7"
    resolved "https://registry.yarnpkg.com/has-color/-/has-color-0.1.7.tgz#67144a5260c34fc3cca677d041daf52fe7b78b2f"
  
  has-unicode@^2.0.0:
    version "2.0.1"
    resolved "https://registry.yarnpkg.com/has-unicode/-/has-unicode-2.0.1.tgz#e0e6fe6a28cf51138855e086d1691e771de2a8b9"
  
  hawk@~3.1.3:
    version "3.1.3"
    resolved "https://registry.yarnpkg.com/hawk/-/hawk-3.1.3.tgz#078444bd7c1640b0fe540d2c9b73d59678e8e1c4"
    dependencies:
      boom "2.x.x"
      cryptiles "2.x.x"
      hoek "2.x.x"
      sntp "1.x.x"
  
  hoek@2.x.x:
    version "2.16.3"
    resolved "https://registry.yarnpkg.com/hoek/-/hoek-2.16.3.tgz#20bb7403d3cea398e91dc4710a8ff1b8274a25ed"
  
  http-signature@~1.1.0:
    version "1.1.1"
    resolved "https://registry.yarnpkg.com/http-signature/-/http-signature-1.1.1.tgz#df72e267066cd0ac67fb76adf8e134a8fbcf91bf"
    dependencies:
      assert-plus "^0.2.0"
      jsprim "^1.2.2"
      sshpk "^1.7.0"
  
  inflight@^1.0.4:
    version "1.0.6"
    resolved "https://registry.yarnpkg.com/inflight/-/inflight-1.0.6.tgz#49bd6331d7d02d0c09bc910a1075ba8165b56df9"
    dependencies:
      once "^1.3.0"
      wrappy "1"
  
  inherits@2, inherits@^2.0.3, inherits@~2.0.0, inherits@~2.0.1:
    version "2.0.3"
    resolved "https://registry.yarnpkg.com/inherits/-/inherits-2.0.3.tgz#633c2c83e3da42a502f52466022480f4208261de"
  
  ini@^1.3.4:
    version "1.3.4"
    resolved "https://registry.yarnpkg.com/ini/-/ini-1.3.4.tgz#0537cb79daf59b59a1a517dff706c86ec039162e"
  
  inquirer@^1.2.2:
    version "1.2.3"
    resolved "https://registry.yarnpkg.com/inquirer/-/inquirer-1.2.3.tgz#4dec6f32f37ef7bb0b2ed3f1d1a5c3f545074918"
    dependencies:
      ansi-escapes "^1.1.0"
      chalk "^1.0.0"
      cli-cursor "^1.0.1"
      cli-width "^2.0.0"
      external-editor "^1.1.0"
      figures "^1.3.5"
      lodash "^4.3.0"
      mute-stream "0.0.6"
      pinkie-promise "^2.0.0"
      run-async "^2.2.0"
      rx "^4.1.0"
      string-width "^1.0.1"
      strip-ansi "^3.0.0"
      through "^2.3.6"
  
  invariant@^2.2.0:
    version "2.2.2"
    resolved "https://registry.yarnpkg.com/invariant/-/invariant-2.2.2.tgz#9e1f56ac0acdb6bf303306f338be3b204ae60360"
    dependencies:
      loose-envify "^1.0.0"
  
  is-builtin-module@^1.0.0:
    version "1.0.0"
    resolved "https://registry.yarnpkg.com/is-builtin-module/-/is-builtin-module-1.0.0.tgz#540572d34f7ac3119f8f76c30cbc1b1e037affbe"
    dependencies:
      builtin-modules "^1.0.0"
  
  is-ci@^1.0.10:
    version "1.0.10"
    resolved "https://registry.yarnpkg.com/is-ci/-/is-ci-1.0.10.tgz#f739336b2632365061a9d48270cd56ae3369318e"
    dependencies:
      ci-info "^1.0.0"
  
  is-finite@^1.0.0:
    version "1.0.2"
    resolved "https://registry.yarnpkg.com/is-finite/-/is-finite-1.0.2.tgz#cc6677695602be550ef11e8b4aa6305342b6d0aa"
    dependencies:
      number-is-nan "^1.0.0"
  
  is-fullwidth-code-point@^1.0.0:
    version "1.0.0"
    resolved "https://registry.yarnpkg.com/is-fullwidth-code-point/-/is-fullwidth-code-point-1.0.0.tgz#ef9e31386f031a7f0d643af82fde50c457ef00cb"
    dependencies:
      number-is-nan "^1.0.0"
  
  is-my-json-valid@^2.12.4:
    version "2.15.0"
    resolved "https://registry.yarnpkg.com/is-my-json-valid/-/is-my-json-valid-2.15.0.tgz#936edda3ca3c211fd98f3b2d3e08da43f7b2915b"
    dependencies:
      generate-function "^2.0.0"
      generate-object-property "^1.1.0"
      jsonpointer "^4.0.0"
      xtend "^4.0.0"
  
  is-promise@^2.1.0:
    version "2.1.0"
    resolved "https://registry.yarnpkg.com/is-promise/-/is-promise-2.1.0.tgz#79a2a9ece7f096e80f36d2b2f3bc16c1ff4bf3fa"
  
  is-property@^1.0.0:
    version "1.0.2"
    resolved "https://registry.yarnpkg.com/is-property/-/is-property-1.0.2.tgz#57fe1c4e48474edd65b09911f26b1cd4095dda84"
  
  is-typedarray@~1.0.0:
    version "1.0.0"
    resolved "https://registry.yarnpkg.com/is-typedarray/-/is-typedarray-1.0.0.tgz#e479c80858df0c1b11ddda6940f96011fcda4a9a"
  
  is-utf8@^0.2.0:
    version "0.2.1"
    resolved "https://registry.yarnpkg.com/is-utf8/-/is-utf8-0.2.1.tgz#4b0da1442104d1b336340e80797e865cf39f7d72"
  
  isarray@~1.0.0:
    version "1.0.0"
    resolved "https://registry.yarnpkg.com/isarray/-/isarray-1.0.0.tgz#bb935d48582cba168c06834957a54a3e07124f11"
  
  isemail@1.x.x:
    version "1.2.0"
    resolved "https://registry.yarnpkg.com/isemail/-/isemail-1.2.0.tgz#be03df8cc3e29de4d2c5df6501263f1fa4595e9a"
  
  isexe@^1.1.1:
    version "1.1.2"
    resolved "https://registry.yarnpkg.com/isexe/-/isexe-1.1.2.tgz#36f3e22e60750920f5e7241a476a8c6a42275ad0"
  
  isstream@~0.1.2:
    version "0.1.2"
    resolved "https://registry.yarnpkg.com/isstream/-/isstream-0.1.2.tgz#47e63f7af55afa6f92e1500e690eb8b8529c099a"
  
  jodid25519@^1.0.0:
    version "1.0.2"
    resolved "https://registry.yarnpkg.com/jodid25519/-/jodid25519-1.0.2.tgz#06d4912255093419477d425633606e0e90782967"
    dependencies:
      jsbn "~0.1.0"
  
  joi@^6.10.1:
    version "6.10.1"
    resolved "https://registry.yarnpkg.com/joi/-/joi-6.10.1.tgz#4d50c318079122000fe5f16af1ff8e1917b77e06"
    dependencies:
      hoek "2.x.x"
      isemail "1.x.x"
      moment "2.x.x"
      topo "1.x.x"
  
  jquery@^2.1.4:
    version "2.2.4"
    resolved "https://registry.yarnpkg.com/jquery/-/jquery-2.2.4.tgz#2c89d6889b5eac522a7eea32c14521559c6cbf02"
  
  js-tokens@^2.0.0:
    version "2.0.0"
    resolved "https://registry.yarnpkg.com/js-tokens/-/js-tokens-2.0.0.tgz#79903f5563ee778cc1162e6dcf1a0027c97f9cb5"
  
  jsbn@~0.1.0:
    version "0.1.0"
    resolved "https://registry.yarnpkg.com/jsbn/-/jsbn-0.1.0.tgz#650987da0dd74f4ebf5a11377a2aa2d273e97dfd"
  
  json-schema@0.2.3:
    version "0.2.3"
    resolved "https://registry.yarnpkg.com/json-schema/-/json-schema-0.2.3.tgz#b480c892e59a2f05954ce727bd3f2a4e882f9e13"
  
  json-stringify-safe@~5.0.1:
    version "5.0.1"
    resolved "https://registry.yarnpkg.com/json-stringify-safe/-/json-stringify-safe-5.0.1.tgz#1296a2d58fd45f19a0f6ce01d65701e2c735b6eb"
  
  jsonpointer@^4.0.0:
    version "4.0.1"
    resolved "https://registry.yarnpkg.com/jsonpointer/-/jsonpointer-4.0.1.tgz#4fd92cb34e0e9db3c89c8622ecf51f9b978c6cb9"
  
  jsonwebtoken@7.1.9:
    version "7.1.9"
    resolved "https://registry.yarnpkg.com/jsonwebtoken/-/jsonwebtoken-7.1.9.tgz#847804e5258bec5a9499a8dc4a5e7a3bae08d58a"
    dependencies:
      joi "^6.10.1"
      jws "^3.1.3"
      lodash.once "^4.0.0"
      ms "^0.7.1"
      xtend "^4.0.1"
  
  jsprim@^1.2.2:
    version "1.3.1"
    resolved "https://registry.yarnpkg.com/jsprim/-/jsprim-1.3.1.tgz#2a7256f70412a29ee3670aaca625994c4dcff252"
    dependencies:
      extsprintf "1.0.2"
      json-schema "0.2.3"
      verror "1.3.6"
  
  jwa@^1.1.4:
    version "1.1.5"
    resolved "https://registry.yarnpkg.com/jwa/-/jwa-1.1.5.tgz#a0552ce0220742cd52e153774a32905c30e756e5"
    dependencies:
      base64url "2.0.0"
      buffer-equal-constant-time "1.0.1"
      ecdsa-sig-formatter "1.0.9"
      safe-buffer "^5.0.1"
  
  jws@^3.1.3:
    version "3.1.4"
    resolved "https://registry.yarnpkg.com/jws/-/jws-3.1.4.tgz#f9e8b9338e8a847277d6444b1464f61880e050a2"
    dependencies:
      base64url "^2.0.0"
      jwa "^1.1.4"
      safe-buffer "^5.0.1"
  
  leven@^2.0.0:
    version "2.0.0"
    resolved "https://registry.yarnpkg.com/leven/-/leven-2.0.0.tgz#74c45744439550da185801912829f61d22071bc1"
  
  lodash.once@^4.0.0:
    version "4.1.1"
    resolved "https://registry.yarnpkg.com/lodash.once/-/lodash.once-4.1.1.tgz#0dd3971213c7c56df880977d504c88fb471a97ac"
  
  lodash@^4.3.0:
    version "4.17.2"
    resolved "https://registry.yarnpkg.com/lodash/-/lodash-4.17.2.tgz#34a3055babe04ce42467b607d700072c7ff6bf42"
  
  loose-envify@^1.0.0:
    version "1.3.0"
    resolved "https://registry.yarnpkg.com/loose-envify/-/loose-envify-1.3.0.tgz#6b26248c42f6d4fa4b0d8542f78edfcde35642a8"
    dependencies:
      js-tokens "^2.0.0"
  
  loud-rejection@^1.2.0:
    version "1.6.0"
    resolved "https://registry.yarnpkg.com/loud-rejection/-/loud-rejection-1.6.0.tgz#5b46f80147edee578870f086d04821cf998e551f"
    dependencies:
      currently-unhandled "^0.4.1"
      signal-exit "^3.0.0"
  
  materialize-css@^0.97.8:
    version "0.97.8"
    resolved "https://registry.yarnpkg.com/materialize-css/-/materialize-css-0.97.8.tgz#e39ce2056785b0c4e9cd4847c2cdf153e19c47cf"
    dependencies:
      hammerjs "^2.0.4"
      jquery "^2.1.4"
      node-archiver "^0.3.0"
  
  mime-db@~1.25.0:
    version "1.25.0"
    resolved "https://registry.yarnpkg.com/mime-db/-/mime-db-1.25.0.tgz#c18dbd7c73a5dbf6f44a024dc0d165a1e7b1c392"
  
  mime-types@^2.1.12, mime-types@~2.1.7:
    version "2.1.13"
    resolved "https://registry.yarnpkg.com/mime-types/-/mime-types-2.1.13.tgz#e07aaa9c6c6b9a7ca3012c69003ad25a39e92a88"
    dependencies:
      mime-db "~1.25.0"
  
  minimatch@^3.0.2, minimatch@^3.0.3:
    version "3.0.3"
    resolved "https://registry.yarnpkg.com/minimatch/-/minimatch-3.0.3.tgz#2a4e4090b96b2db06a9d7df01055a62a77c9b774"
    dependencies:
      brace-expansion "^1.0.0"
  
  minimist@0.0.8:
    version "0.0.8"
    resolved "https://registry.yarnpkg.com/minimist/-/minimist-0.0.8.tgz#857fcabfc3397d2625b8228262e86aa7a011b05d"
  
  "mkdirp@>=0.5 0", mkdirp@^0.5.0, mkdirp@^0.5.1, mkdirp@~0.5.0:
    version "0.5.1"
    resolved "https://registry.yarnpkg.com/mkdirp/-/mkdirp-0.5.1.tgz#30057438eac6cf7f8c4767f38648d6697d75c903"
    dependencies:
      minimist "0.0.8"
  
  moment@2.x.x:
    version "2.17.1"
    resolved "https://registry.yarnpkg.com/moment/-/moment-2.17.1.tgz#fed9506063f36b10f066c8b59a144d7faebe1d82"
  
  ms@0.7.2, ms@^0.7.1:
    version "0.7.2"
    resolved "https://registry.yarnpkg.com/ms/-/ms-0.7.2.tgz#ae25cf2512b3885a1d95d7f037868d8431124765"
  
  mute-stream@0.0.6, mute-stream@~0.0.4:
    version "0.0.6"
    resolved "https://registry.yarnpkg.com/mute-stream/-/mute-stream-0.0.6.tgz#48962b19e169fd1dfc240b3f1e7317627bbc47db"
  
  node-archiver@^0.3.0:
    version "0.3.0"
    resolved "https://registry.yarnpkg.com/node-archiver/-/node-archiver-0.3.0.tgz#b9f1afe5006d0bdf29260181833a070978bc6947"
    dependencies:
      fstream "^1.0.10"
      tar "^2.2.1"
  
  node-emoji@^1.0.4:
    version "1.4.3"
    resolved "https://registry.yarnpkg.com/node-emoji/-/node-emoji-1.4.3.tgz#5272f70b823c4df6d7c39f84fd8203f35b3e5d36"
    dependencies:
      string.prototype.codepointat "^0.2.0"
  
  node-gyp@^3.2.1:
    version "3.4.0"
    resolved "https://registry.yarnpkg.com/node-gyp/-/node-gyp-3.4.0.tgz#dda558393b3ecbbe24c9e6b8703c71194c63fa36"
    dependencies:
      fstream "^1.0.0"
      glob "^7.0.3"
      graceful-fs "^4.1.2"
      minimatch "^3.0.2"
      mkdirp "^0.5.0"
      nopt "2 || 3"
      npmlog "0 || 1 || 2 || 3"
      osenv "0"
      path-array "^1.0.0"
      request "2"
      rimraf "2"
      semver "2.x || 3.x || 4 || 5"
      tar "^2.0.0"
      which "1"
  
  "nopt@2 || 3":
    version "3.0.6"
    resolved "https://registry.yarnpkg.com/nopt/-/nopt-3.0.6.tgz#c6465dbf08abcd4db359317f79ac68a646b28ff9"
    dependencies:
      abbrev "1"
  
  "npmlog@0 || 1 || 2 || 3":
    version "3.1.2"
    resolved "https://registry.yarnpkg.com/npmlog/-/npmlog-3.1.2.tgz#2d46fa874337af9498a2f12bb43d8d0be4a36873"
    dependencies:
      are-we-there-yet "~1.1.2"
      console-control-strings "~1.1.0"
      gauge "~2.6.0"
      set-blocking "~2.0.0"
  
  number-is-nan@^1.0.0:
    version "1.0.1"
    resolved "https://registry.yarnpkg.com/number-is-nan/-/number-is-nan-1.0.1.tgz#097b602b53422a522c1afb8790318336941a011d"
  
  oauth-sign@~0.8.1:
    version "0.8.2"
    resolved "https://registry.yarnpkg.com/oauth-sign/-/oauth-sign-0.8.2.tgz#46a6ab7f0aead8deae9ec0565780b7d4efeb9d43"
  
  object-assign@^4.1.0:
    version "4.1.0"
    resolved "https://registry.yarnpkg.com/object-assign/-/object-assign-4.1.0.tgz#7a3b3d0e98063d43f4c03f2e8ae6cd51a86883a0"
  
  object-path@^0.11.2:
    version "0.11.3"
    resolved "https://registry.yarnpkg.com/object-path/-/object-path-0.11.3.tgz#3e21a42ad07234d815429ae9e15c1c5f38050554"
  
  once@^1.3.0, once@~1.3.0:
    version "1.3.3"
    resolved "https://registry.yarnpkg.com/once/-/once-1.3.3.tgz#b2e261557ce4c314ec8304f3fa82663e4297ca20"
    dependencies:
      wrappy "1"
  
  onetime@^1.0.0:
    version "1.1.0"
    resolved "https://registry.yarnpkg.com/onetime/-/onetime-1.1.0.tgz#a1f7838f8314c516f05ecefcbc4ccfe04b4ed789"
  
  os-homedir@^1.0.0:
    version "1.0.2"
    resolved "https://registry.yarnpkg.com/os-homedir/-/os-homedir-1.0.2.tgz#ffbc4988336e0e833de0c168c7ef152121aa7fb3"
  
  os-shim@^0.1.2:
    version "0.1.3"
    resolved "https://registry.yarnpkg.com/os-shim/-/os-shim-0.1.3.tgz#6b62c3791cf7909ea35ed46e17658bb417cb3917"
  
  os-tmpdir@^1.0.0, os-tmpdir@~1.0.1:
    version "1.0.2"
    resolved "https://registry.yarnpkg.com/os-tmpdir/-/os-tmpdir-1.0.2.tgz#bbe67406c79aa85c5cfec766fe5734555dfa1274"
  
  osenv@0:
    version "0.1.4"
    resolved "https://registry.yarnpkg.com/osenv/-/osenv-0.1.4.tgz#42fe6d5953df06c8064be6f176c3d05aaaa34644"
    dependencies:
      os-homedir "^1.0.0"
      os-tmpdir "^1.0.0"
  
  path-array@^1.0.0:
    version "1.0.1"
    resolved "https://registry.yarnpkg.com/path-array/-/path-array-1.0.1.tgz#7e2f0f35f07a2015122b868b7eac0eb2c4fec271"
    dependencies:
      array-index "^1.0.0"
  
  path-is-absolute@^1.0.0:
    version "1.0.1"
    resolved "https://registry.yarnpkg.com/path-is-absolute/-/path-is-absolute-1.0.1.tgz#174b9268735534ffbc7ace6bf53a5a9e1b5c5f5f"
  
  pinkie-promise@^2.0.0:
    version "2.0.1"
    resolved "https://registry.yarnpkg.com/pinkie-promise/-/pinkie-promise-2.0.1.tgz#2135d6dfa7a358c069ac9b178776288228450ffa"
    dependencies:
      pinkie "^2.0.0"
  
  pinkie@^2.0.0:
    version "2.0.4"
    resolved "https://registry.yarnpkg.com/pinkie/-/pinkie-2.0.4.tgz#72556b80cfa0d48a974e80e77248e80ed4f7f870"
  
  process-nextick-args@~1.0.6:
    version "1.0.7"
    resolved "https://registry.yarnpkg.com/process-nextick-args/-/process-nextick-args-1.0.7.tgz#150e20b756590ad3f91093f25a4f2ad8bff30ba3"
  
  proper-lockfile@^1.1.3:
    version "1.2.0"
    resolved "https://registry.yarnpkg.com/proper-lockfile/-/proper-lockfile-1.2.0.tgz#ceff5dd89d3e5f10fb75e1e8e76bc75801a59c34"
    dependencies:
      err-code "^1.0.0"
      extend "^3.0.0"
      graceful-fs "^4.1.2"
      retry "^0.10.0"
  
  punycode@^1.4.1:
    version "1.4.1"
    resolved "https://registry.yarnpkg.com/punycode/-/punycode-1.4.1.tgz#c0d5a63b2718800ad8e1eb0fa5269c84dd41845e"
  
  qs@~6.3.0:
    version "6.3.0"
    resolved "https://registry.yarnpkg.com/qs/-/qs-6.3.0.tgz#f403b264f23bc01228c74131b407f18d5ea5d442"
  
  read@^1.0.7:
    version "1.0.7"
    resolved "https://registry.yarnpkg.com/read/-/read-1.0.7.tgz#b3da19bd052431a97671d44a42634adf710b40c4"
    dependencies:
      mute-stream "~0.0.4"
  
  readable-stream@^2.0.0, "readable-stream@^2.0.0 || ^1.1.13", readable-stream@^2.0.5, readable-stream@^2.2.2:
    version "2.2.2"
    resolved "https://registry.yarnpkg.com/readable-stream/-/readable-stream-2.2.2.tgz#a9e6fec3c7dda85f8bb1b3ba7028604556fc825e"
    dependencies:
      buffer-shims "^1.0.0"
      core-util-is "~1.0.0"
      inherits "~2.0.1"
      isarray "~1.0.0"
      process-nextick-args "~1.0.6"
      string_decoder "~0.10.x"
      util-deprecate "~1.0.1"
  
  regenerator-runtime@^0.10.0:
    version "0.10.1"
    resolved "https://registry.yarnpkg.com/regenerator-runtime/-/regenerator-runtime-0.10.1.tgz#257f41961ce44558b18f7814af48c17559f9faeb"
  
  repeating@^2.0.0:
    version "2.0.1"
    resolved "https://registry.yarnpkg.com/repeating/-/repeating-2.0.1.tgz#5214c53a926d3552707527fbab415dbc08d06dda"
    dependencies:
      is-finite "^1.0.0"
  
  request-capture-har@^1.1.4:
    version "1.1.4"
    resolved "https://registry.yarnpkg.com/request-capture-har/-/request-capture-har-1.1.4.tgz#e6ad76eb8e7a1714553fdbeef32cd4518e4e2013"
  
  request@2, request@^2.75.0:
    version "2.79.0"
    resolved "https://registry.yarnpkg.com/request/-/request-2.79.0.tgz#4dfe5bf6be8b8cdc37fcf93e04b65577722710de"
    dependencies:
      aws-sign2 "~0.6.0"
      aws4 "^1.2.1"
      caseless "~0.11.0"
      combined-stream "~1.0.5"
      extend "~3.0.0"
      forever-agent "~0.6.1"
      form-data "~2.1.1"
      har-validator "~2.0.6"
      hawk "~3.1.3"
      http-signature "~1.1.0"
      is-typedarray "~1.0.0"
      isstream "~0.1.2"
      json-stringify-safe "~5.0.1"
      mime-types "~2.1.7"
      oauth-sign "~0.8.1"
      qs "~6.3.0"
      stringstream "~0.0.4"
      tough-cookie "~2.3.0"
      tunnel-agent "~0.4.1"
      uuid "^3.0.0"
  
  restore-cursor@^1.0.1:
    version "1.0.1"
    resolved "https://registry.yarnpkg.com/restore-cursor/-/restore-cursor-1.0.1.tgz#34661f46886327fed2991479152252df92daa541"
    dependencies:
      exit-hook "^1.0.0"
      onetime "^1.0.0"
  
  retry@^0.10.0:
    version "0.10.1"
    resolved "https://registry.yarnpkg.com/retry/-/retry-0.10.1.tgz#e76388d217992c252750241d3d3956fed98d8ff4"
  
  rimraf@2, rimraf@^2.5.0:
    version "2.5.4"
    resolved "https://registry.yarnpkg.com/rimraf/-/rimraf-2.5.4.tgz#96800093cbf1a0c86bd95b4625467535c29dfa04"
    dependencies:
      glob "^7.0.5"
  
  roadrunner@^1.1.0:
    version "1.1.0"
    resolved "https://registry.yarnpkg.com/roadrunner/-/roadrunner-1.1.0.tgz#1180a30d64e1970d8f55dd8cb0da8ffccecad71e"
  
  rsvp@3.2.1:
    version "3.2.1"
    resolved "https://registry.yarnpkg.com/rsvp/-/rsvp-3.2.1.tgz#07cb4a5df25add9e826ebc67dcc9fd89db27d84a"
  
  run-async@^2.2.0:
    version "2.3.0"
    resolved "https://registry.yarnpkg.com/run-async/-/run-async-2.3.0.tgz#0371ab4ae0bdd720d4166d7dfda64ff7a445a6c0"
    dependencies:
      is-promise "^2.1.0"
  
  rx@^4.1.0:
    version "4.1.0"
    resolved "https://registry.yarnpkg.com/rx/-/rx-4.1.0.tgz#a5f13ff79ef3b740fe30aa803fb09f98805d4782"
  
  rxjs@^5.0.2:
    version "5.0.2"
    resolved "https://registry.yarnpkg.com/rxjs/-/rxjs-5.0.2.tgz#cc6513756daa93cab4085c1b5a19a3e28fb6c6bf"
    dependencies:
      symbol-observable "^1.0.1"
  
  safe-buffer@^5.0.1:
    version "5.0.1"
    resolved "https://registry.yarnpkg.com/safe-buffer/-/safe-buffer-5.0.1.tgz#d263ca54696cd8a306b5ca6551e92de57918fbe7"
  
  "semver@2.x || 3.x || 4 || 5", semver@^5.1.0:
    version "5.3.0"
    resolved "https://registry.yarnpkg.com/semver/-/semver-5.3.0.tgz#9b2ce5d3de02d17c6012ad326aa6b4d0cf54f94f"
  
  set-blocking@~2.0.0:
    version "2.0.0"
    resolved "https://registry.yarnpkg.com/set-blocking/-/set-blocking-2.0.0.tgz#045f9782d011ae9a6803ddd382b24392b3d890f7"
  
  signal-exit@^3.0.0:
    version "3.0.2"
    resolved "https://registry.yarnpkg.com/signal-exit/-/signal-exit-3.0.2.tgz#b5fdc08f1287ea1178628e415e25132b73646c6d"
  
  sntp@1.x.x:
    version "1.0.9"
    resolved "https://registry.yarnpkg.com/sntp/-/sntp-1.0.9.tgz#6541184cc90aeea6c6e7b35e2659082443c66198"
    dependencies:
      hoek "2.x.x"
  
  spawn-sync@^1.0.15:
    version "1.0.15"
    resolved "https://registry.yarnpkg.com/spawn-sync/-/spawn-sync-1.0.15.tgz#b00799557eb7fb0c8376c29d44e8a1ea67e57476"
    dependencies:
      concat-stream "^1.4.7"
      os-shim "^0.1.2"
  
  spdx-correct@~1.0.0:
    version "1.0.2"
    resolved "https://registry.yarnpkg.com/spdx-correct/-/spdx-correct-1.0.2.tgz#4b3073d933ff51f3912f03ac5519498a4150db40"
    dependencies:
      spdx-license-ids "^1.0.2"
  
  spdx-expression-parse@~1.0.0:
    version "1.0.4"
    resolved "https://registry.yarnpkg.com/spdx-expression-parse/-/spdx-expression-parse-1.0.4.tgz#9bdf2f20e1f40ed447fbe273266191fced51626c"
  
  spdx-license-ids@^1.0.2:
    version "1.2.2"
    resolved "https://registry.yarnpkg.com/spdx-license-ids/-/spdx-license-ids-1.2.2.tgz#c9df7a3424594ade6bd11900d596696dc06bac57"
  
  sshpk@^1.7.0:
    version "1.10.1"
    resolved "https://registry.yarnpkg.com/sshpk/-/sshpk-1.10.1.tgz#30e1a5d329244974a1af61511339d595af6638b0"
    dependencies:
      asn1 "~0.2.3"
      assert-plus "^1.0.0"
      dashdash "^1.12.0"
      getpass "^0.1.1"
    optionalDependencies:
      bcrypt-pbkdf "^1.0.0"
      ecc-jsbn "~0.1.1"
      jodid25519 "^1.0.0"
      jsbn "~0.1.0"
      tweetnacl "~0.14.0"
  
  string-width@^1.0.1:
    version "1.0.2"
    resolved "https://registry.yarnpkg.com/string-width/-/string-width-1.0.2.tgz#118bdf5b8cdc51a2a7e70d211e07e2b0b9b107d3"
    dependencies:
      code-point-at "^1.0.0"
      is-fullwidth-code-point "^1.0.0"
      strip-ansi "^3.0.0"
  
  string.prototype.codepointat@^0.2.0:
    version "0.2.0"
    resolved "https://registry.yarnpkg.com/string.prototype.codepointat/-/string.prototype.codepointat-0.2.0.tgz#6b26e9bd3afcaa7be3b4269b526de1b82000ac78"
  
  string_decoder@~0.10.x:
    version "0.10.31"
    resolved "https://registry.yarnpkg.com/string_decoder/-/string_decoder-0.10.31.tgz#62e203bc41766c6c28c9fc84301dab1c5310fa94"
  
  stringstream@~0.0.4:
    version "0.0.5"
    resolved "https://registry.yarnpkg.com/stringstream/-/stringstream-0.0.5.tgz#4e484cd4de5a0bbbee18e46307710a8a81621878"
  
  strip-ansi@^3.0.0, strip-ansi@^3.0.1:
    version "3.0.1"
    resolved "https://registry.yarnpkg.com/strip-ansi/-/strip-ansi-3.0.1.tgz#6a385fb8853d952d5ff05d0e8aaf94278dc63dcf"
    dependencies:
      ansi-regex "^2.0.0"
  
  strip-bom@^2.0.0:
    version "2.0.0"
    resolved "https://registry.yarnpkg.com/strip-bom/-/strip-bom-2.0.0.tgz#6219a85616520491f35788bdbf1447a99c7e6b0e"
    dependencies:
      is-utf8 "^0.2.0"
  
  supports-color@^2.0.0:
    version "2.0.0"
    resolved "https://registry.yarnpkg.com/supports-color/-/supports-color-2.0.0.tgz#535d045ce6b6363fa40117084629995e9df324c7"
  
  symbol-observable@^1.0.1:
    version "1.0.4"
    resolved "https://registry.yarnpkg.com/symbol-observable/-/symbol-observable-1.0.4.tgz#29bf615d4aa7121bdd898b22d4b3f9bc4e2aa03d"
  
  tar-stream@^1.5.2:
    version "1.5.2"
    resolved "https://registry.yarnpkg.com/tar-stream/-/tar-stream-1.5.2.tgz#fbc6c6e83c1a19d4cb48c7d96171fc248effc7bf"
    dependencies:
      bl "^1.0.0"
      end-of-stream "^1.0.0"
      readable-stream "^2.0.0"
      xtend "^4.0.0"
  
  tar@^2.0.0, tar@^2.2.1:
    version "2.2.1"
    resolved "https://registry.yarnpkg.com/tar/-/tar-2.2.1.tgz#8e4d2a256c0e2185c6b18ad694aec968b83cb1d1"
    dependencies:
      block-stream "*"
      fstream "^1.0.2"
      inherits "2"
  
  through@^2.3.6:
    version "2.3.8"
    resolved "https://registry.yarnpkg.com/through/-/through-2.3.8.tgz#0dd4c9ffaabc357960b1b724115d7e0e86a2e1f5"
  
  tmp@^0.0.29:
    version "0.0.29"
    resolved "https://registry.yarnpkg.com/tmp/-/tmp-0.0.29.tgz#f25125ff0dd9da3ccb0c2dd371ee1288bb9128c0"
    dependencies:
      os-tmpdir "~1.0.1"
  
  topo@1.x.x:
    version "1.1.0"
    resolved "https://registry.yarnpkg.com/topo/-/topo-1.1.0.tgz#e9d751615d1bb87dc865db182fa1ca0a5ef536d5"
    dependencies:
      hoek "2.x.x"
  
  tough-cookie@~2.3.0:
    version "2.3.2"
    resolved "https://registry.yarnpkg.com/tough-cookie/-/tough-cookie-2.3.2.tgz#f081f76e4c85720e6c37a5faced737150d84072a"
    dependencies:
      punycode "^1.4.1"
  
  tunnel-agent@~0.4.1:
    version "0.4.3"
    resolved "https://registry.yarnpkg.com/tunnel-agent/-/tunnel-agent-0.4.3.tgz#6373db76909fe570e08d73583365ed828a74eeeb"
  
  tweetnacl@^0.14.3, tweetnacl@~0.14.0:
    version "0.14.5"
    resolved "https://registry.yarnpkg.com/tweetnacl/-/tweetnacl-0.14.5.tgz#5ae68177f192d4456269d108afa93ff8743f4f64"
  
  typedarray@^0.0.6:
    version "0.0.6"
    resolved "https://registry.yarnpkg.com/typedarray/-/typedarray-0.0.6.tgz#867ac74e3864187b1d3d47d996a78ec5c8830777"
  
  user-home@^2.0.0:
    version "2.0.0"
    resolved "https://registry.yarnpkg.com/user-home/-/user-home-2.0.0.tgz#9c70bfd8169bc1dcbf48604e0f04b8b49cde9e9f"
    dependencies:
      os-homedir "^1.0.0"
  
  util-deprecate@~1.0.1:
    version "1.0.2"
    resolved "https://registry.yarnpkg.com/util-deprecate/-/util-deprecate-1.0.2.tgz#450d4dc9fa70de732762fbd2d4a28981419a0ccf"
  
  uuid@^3.0.0:
    version "3.0.1"
    resolved "https://registry.yarnpkg.com/uuid/-/uuid-3.0.1.tgz#6544bba2dfda8c1cf17e629a3a305e2bb1fee6c1"
  
  validate-npm-package-license@^3.0.1:
    version "3.0.1"
    resolved "https://registry.yarnpkg.com/validate-npm-package-license/-/validate-npm-package-license-3.0.1.tgz#2804babe712ad3379459acfbe24746ab2c303fbc"
    dependencies:
      spdx-correct "~1.0.0"
      spdx-expression-parse "~1.0.0"
  
  verror@1.3.6:
    version "1.3.6"
    resolved "https://registry.yarnpkg.com/verror/-/verror-1.3.6.tgz#cff5df12946d297d2baaefaa2689e25be01c005c"
    dependencies:
      extsprintf "1.0.2"
  
  websocket-driver@>=0.5.1:
    version "0.6.5"
    resolved "https://registry.yarnpkg.com/websocket-driver/-/websocket-driver-0.6.5.tgz#5cb2556ceb85f4373c6d8238aa691c8454e13a36"
    dependencies:
      websocket-extensions ">=0.1.1"
  
  websocket-extensions@>=0.1.1:
    version "0.1.1"
    resolved "https://registry.yarnpkg.com/websocket-extensions/-/websocket-extensions-0.1.1.tgz#76899499c184b6ef754377c2dbb0cd6cb55d29e7"
  
  which@1:
    version "1.2.12"
    resolved "https://registry.yarnpkg.com/which/-/which-1.2.12.tgz#de67b5e450269f194909ef23ece4ebe416fa1192"
    dependencies:
      isexe "^1.1.1"
  
  wide-align@^1.1.0:
    version "1.1.0"
    resolved "https://registry.yarnpkg.com/wide-align/-/wide-align-1.1.0.tgz#40edde802a71fea1f070da3e62dcda2e7add96ad"
    dependencies:
      string-width "^1.0.1"
  
  wrappy@1:
    version "1.0.2"
    resolved "https://registry.yarnpkg.com/wrappy/-/wrappy-1.0.2.tgz#b5243d8f3ec1aa35f1364605bc0d1036e30ab69f"
  
  xmlhttprequest@1.8.0:
    version "1.8.0"
    resolved "https://registry.yarnpkg.com/xmlhttprequest/-/xmlhttprequest-1.8.0.tgz#67fe075c5c24fef39f9d65f5f7b7fe75171968fc"
  
  xtend@^4.0.0, xtend@^4.0.1:
    version "4.0.1"
    resolved "https://registry.yarnpkg.com/xtend/-/xtend-4.0.1.tgz#a5c6d532be656e23db820efb943a1f04998d63af"
  
  yarn@^0.18.1:
    version "0.18.1"
    resolved "https://registry.yarnpkg.com/yarn/-/yarn-0.18.1.tgz#02e2efee30255a60b6df4b5b2c7da9c1fd4c8e83"
    dependencies:
      babel-runtime "^6.0.0"
      bytes "^2.4.0"
      camelcase "^3.0.0"
      chalk "^1.1.1"
      cmd-shim "^2.0.1"
      commander "^2.9.0"
      death "^1.0.0"
      debug "^2.2.0"
      defaults "^1.0.3"
      detect-indent "^4.0.0"
      diff "^2.2.1"
      ini "^1.3.4"
      inquirer "^1.2.2"
      invariant "^2.2.0"
      is-builtin-module "^1.0.0"
      is-ci "^1.0.10"
      leven "^2.0.0"
      loud-rejection "^1.2.0"
      minimatch "^3.0.3"
      mkdirp "^0.5.1"
      node-emoji "^1.0.4"
      node-gyp "^3.2.1"
      object-path "^0.11.2"
      proper-lockfile "^1.1.3"
      read "^1.0.7"
      repeating "^2.0.0"
      request "^2.75.0"
      request-capture-har "^1.1.4"
      rimraf "^2.5.0"
      roadrunner "^1.1.0"
      semver "^5.1.0"
      strip-bom "^2.0.0"
      tar "^2.2.1"
      tar-stream "^1.5.2"
      user-home "^2.0.0"
      validate-npm-package-license "^3.0.1"
  
  zone.js@^0.7.4:
    version "0.7.4"
    resolved "https://registry.yarnpkg.com/zone.js/-/zone.js-0.7.4.tgz#0e624fe5b724450ee433495deff15c02b3908ee0"

Trace: 
  Error: https://registry.yarnpkg.com/@types: Not found
      at Request.params.callback [as _callback] (C:\Users\OrlandoV\AppData\Roaming\npm\node_modules\yarn\lib\util\request-manager.js:309:18)
      at Request.self.callback (C:\Users\OrlandoV\AppData\Roaming\npm\node_modules\yarn\node_modules\request\request.js:186:22)
      at emitTwo (events.js:106:13)
      at Request.emit (events.js:191:7)
      at Request.<anonymous> (C:\Users\OrlandoV\AppData\Roaming\npm\node_modules\yarn\node_modules\request\request.js:1081:10)
      at emitOne (events.js:96:13)
      at Request.emit (events.js:188:7)
      at IncomingMessage.<anonymous> (C:\Users\OrlandoV\AppData\Roaming\npm\node_modules\yarn\node_modules\request\request.js:1001:12)
      at IncomingMessage.g (events.js:291:16)
      at emitNone (events.js:91:20)
